<?xml version="1.0" encoding="UTF-8"?>
<!-- Generated by org.testng.reporters.JUnitReportReporter -->
<testsuite hostname="DESKTOP-NOT61PU" failures="0" tests="1" name="runnerB.TestRunner" time="12.254" errors="0" timestamp="2021-12-02T18:56:04 IST" skipped="0">
  <testcase classname="runnerB.TestRunner" name="feature" time="12.254"/>
  <system-out/>
</testsuite> <!-- runnerB.TestRunner -->
