<?xml version="1.0" encoding="UTF-8"?>
<!-- Generated by org.testng.reporters.JUnitReportReporter -->
<testsuite hostname="DESKTOP-NOT61PU" failures="0" tests="1" name="runnerA.TestRunner" time="3.877" errors="0" timestamp="2021-12-02T18:56:04 IST" skipped="0">
  <testcase classname="runnerA.TestRunner" name="feature" time="3.877"/>
  <system-out/>
</testsuite> <!-- runnerA.TestRunner -->
